0 silly input [ 'publish' ]
1 silly flags { _: [ 'publish' ], 'reject-cycles': false, rejectCycles: false }
2 verbose rootPath /Users/yrenaudin/Projects/typescript-webpack-starter
3 info version 2.5.1
4 info versioning independent
5 silly isInitialized
6 silly isInitialized true
7 silly existsSync /Users/yrenaudin/Projects/typescript-webpack-starter/VERSION
8 silly initialize attempt
9 silly isDetachedHead
10 silly getCurrentBranch
11 verbose getCurrentBranch feat/Setup-Lerna
12 verbose isDetachedHead false
13 silly getCurrentBranch
14 verbose getCurrentBranch feat/Setup-Lerna
15 silly getUpdates
16 info Checking for updated packages...
17 silly hasTags
18 verbose hasTags true
19 silly getLastTag
20 verbose getLastTag v0.3.0
21 info Comparing with v0.3.0.
22 silly diffSinceIn v0.3.0 packages/cli
23 silly diff packages/cli/README.md
23 silly diff packages/cli/createTsLib.js
23 silly diff packages/cli/index.js
23 silly diff packages/cli/package.json
23 silly diff packages/cli/template/karma.conf.js
23 silly diff packages/cli/template/package.json
23 silly diff packages/cli/template/src/index.html
23 silly diff packages/cli/template/src/index.spec.ts
23 silly diff packages/cli/template/src/index.ts
23 silly diff packages/cli/template/src/vendor.ts
23 silly diff packages/cli/template/tests/unit/spec-bundle.js
23 silly diff packages/cli/template/tsconfig.json
23 silly diff packages/cli/template/tslint.json
23 silly diff packages/cli/template/typings.json
23 silly diff packages/cli/template/webpack.config.js
24 verbose updated create-ts-lib
25 info Checking for prereleased packages...
26 silly collectDependents
27 silly isPackageDependentOf create-ts-lib create-ts-lib
28 silly collectUpdates
29 verbose has filtered update create-ts-lib
30 silly initialize success
31 silly execute attempt
32 silly runScriptSync preversion create-ts-lib
33 silly runScriptSync version create-ts-lib
34 silly addFile /Users/yrenaudin/Projects/typescript-webpack-starter/packages/cli/package.json
35 silly commit Publish
35 silly commit
35 silly commit  - create-ts-lib@0.0.9
36 verbose commit [ 'commit',
36 verbose commit   '--no-gpg-sign',
36 verbose commit   '-F',
36 verbose commit   '/private/var/folders/cz/m3rrygsj34546w30mtlfgsl80000gp/T/f0c26470-d5ea-4508-841f-2b4c99fa504a/lerna-commit.txt' ]
37 silly addTag create-ts-lib@0.0.9
38 silly runScriptSync postversion create-ts-lib
39 info publish Publishing packages to npm...
40 silly existsSync /Users/yrenaudin/Projects/typescript-webpack-starter/packages/cli/scripts/prepublish.js
41 verbose execScript No prepublish script found at /Users/yrenaudin/Projects/typescript-webpack-starter/packages/cli/scripts/prepublish.js
42 verbose publishing create-ts-lib
43 silly publishTaggedInDir latest cli
44 silly getExecOpts { cwd: '/Users/yrenaudin/Projects/typescript-webpack-starter/packages/cli' }
45 error publish Retrying failed publish: create-ts-lib
46 verbose publish error undefined
47 verbose publishing create-ts-lib
48 silly publishTaggedInDir latest cli
49 silly getExecOpts { cwd: '/Users/yrenaudin/Projects/typescript-webpack-starter/packages/cli' }
50 error publish Retrying failed publish: create-ts-lib
51 verbose publish error undefined
52 verbose publishing create-ts-lib
53 silly publishTaggedInDir latest cli
54 silly getExecOpts { cwd: '/Users/yrenaudin/Projects/typescript-webpack-starter/packages/cli' }
55 error publish Retrying failed publish: create-ts-lib
56 verbose publish error undefined
57 verbose publishing create-ts-lib
58 silly publishTaggedInDir latest cli
59 silly getExecOpts { cwd: '/Users/yrenaudin/Projects/typescript-webpack-starter/packages/cli' }
60 error publish Retrying failed publish: create-ts-lib
61 verbose publish error undefined
62 verbose publishing create-ts-lib
63 silly publishTaggedInDir latest cli
64 silly getExecOpts { cwd: '/Users/yrenaudin/Projects/typescript-webpack-starter/packages/cli' }
65 error publish Ran out of retries while publishing create-ts-lib Error: Command failed: npm publish --tag latest
65 error publish npm ERR! publish Failed PUT 403
65 error publish npm ERR! code E403
65 error publish npm ERR! You do not have permission to publish "create-ts-lib". Are you logged in as the correct user? : create-ts-lib
65 error publish
65 error publish npm ERR! A complete log of this run can be found in:
65 error publish npm ERR!     /Users/yrenaudin/.npm/_logs/2017-11-15T05_25_58_731Z-debug.log
65 error publish
65 error publish     at Promise.all.then.arr (/Users/yrenaudin/.nvm/versions/node/v8.9.1/lib/node_modules/lerna/node_modules/execa/index.js:236:11)
65 error publish     at <anonymous>
65 error publish     at process._tickCallback (internal/process/next_tick.js:188:7)
66 error execute callback with error
67 error Error: Command failed: npm publish --tag latest
67 error npm ERR! publish Failed PUT 403
67 error npm ERR! code E403
67 error npm ERR! You do not have permission to publish "create-ts-lib". Are you logged in as the correct user? : create-ts-lib
67 error
67 error npm ERR! A complete log of this run can be found in:
67 error npm ERR!     /Users/yrenaudin/.npm/_logs/2017-11-15T05_25_58_731Z-debug.log
67 error
67 error     at Promise.all.then.arr (/Users/yrenaudin/.nvm/versions/node/v8.9.1/lib/node_modules/lerna/node_modules/execa/index.js:236:11)
67 error     at <anonymous>
